{"/Users/luizimbroisifilho/code/vscode-extensions/create-component/src/components/createComponentFile.ts": {"path":"/Users/luizimbroisifilho/code/vscode-extensions/create-component/src/components/createComponentFile.ts","statementMap":{"0":{"start":{"line":2,"column":0},"end":{"line":2,"column":51}},"1":{"start":{"line":3,"column":0},"end":{"line":3,"column":65}},"2":{"start":{"line":5,"column":0},"end":{"line":5,"column":82}},"3":{"start":{"line":6,"column":0},"end":{"line":6,"column":72}},"4":{"start":{"line":7,"column":0},"end":{"line":7,"column":62}},"5":{"start":{"line":8,"column":0},"end":{"line":8,"column":64}},"6":{"start":{"line":9,"column":0},"end":{"line":9,"column":64}},"7":{"start":{"line":11,"column":35},"end":{"line":35,"column":1}},"8":{"start":{"line":16,"column":20},"end":{"line":22,"column":26}},"9":{"start":{"line":24,"column":22},"end":{"line":28,"column":4}},"10":{"start":{"line":29,"column":24},"end":{"line":29,"column":81}},"11":{"start":{"line":30,"column":19},"end":{"line":30,"column":67}},"12":{"start":{"line":32,"column":2},"end":{"line":32,"column":50}},"13":{"start":{"line":34,"column":2},"end":{"line":34,"column":18}},"14":{"start":{"line":11,"column":13},"end":{"line":11,"column":35}}},"fnMap":{"0":{"name":"(anonymous_0)","decl":{"start":{"line":11,"column":35},"end":{"line":11,"column":40}},"loc":{"start":{"line":15,"column":4},"end":{"line":35,"column":1}}}},"branchMap":{"0":{"loc":{"start":{"line":29,"column":24},"end":{"line":29,"column":81}},"type":"cond-expr","locations":[{"start":{"line":29,"column":68},"end":{"line":29,"column":73}},{"start":{"line":29,"column":76},"end":{"line":29,"column":81}}]}},"s":{"0":1,"1":1,"2":1,"3":1,"4":1,"5":1,"6":1,"7":1,"8":6,"9":6,"10":6,"11":6,"12":6,"13":6,"14":1},"f":{"0":6},"b":{"0":[3,3]}}
,"/Users/luizimbroisifilho/code/vscode-extensions/create-component/src/models/model.component_css.ts": {"path":"/Users/luizimbroisifilho/code/vscode-extensions/create-component/src/models/model.component_css.ts","statementMap":{"0":{"start":{"line":1,"column":0},"end":{"line":10,"column":30}}},"fnMap":{},"branchMap":{},"s":{"0":1},"f":{},"b":{}}
,"/Users/luizimbroisifilho/code/vscode-extensions/create-component/src/models/model.component_sass.ts": {"path":"/Users/luizimbroisifilho/code/vscode-extensions/create-component/src/models/model.component_sass.ts","statementMap":{"0":{"start":{"line":1,"column":0},"end":{"line":11,"column":30}}},"fnMap":{},"branchMap":{},"s":{"0":1},"f":{},"b":{}}
,"/Users/luizimbroisifilho/code/vscode-extensions/create-component/src/models/model.component_scss.ts": {"path":"/Users/luizimbroisifilho/code/vscode-extensions/create-component/src/models/model.component_scss.ts","statementMap":{"0":{"start":{"line":1,"column":0},"end":{"line":10,"column":30}}},"fnMap":{},"branchMap":{},"s":{"0":1},"f":{},"b":{}}
,"/Users/luizimbroisifilho/code/vscode-extensions/create-component/src/models/model.component_styledComponents.ts": {"path":"/Users/luizimbroisifilho/code/vscode-extensions/create-component/src/models/model.component_styledComponents.ts","statementMap":{"0":{"start":{"line":1,"column":0},"end":{"line":10,"column":30}}},"fnMap":{},"branchMap":{},"s":{"0":1},"f":{},"b":{}}
,"/Users/luizimbroisifilho/code/vscode-extensions/create-component/src/models/model.component_tailwind.ts": {"path":"/Users/luizimbroisifilho/code/vscode-extensions/create-component/src/models/model.component_tailwind.ts","statementMap":{"0":{"start":{"line":1,"column":0},"end":{"line":8,"column":30}}},"fnMap":{},"branchMap":{},"s":{"0":1},"f":{},"b":{}}
,"/Users/luizimbroisifilho/code/vscode-extensions/create-component/src/models/model.function_type_arrow_definition.ts": {"path":"/Users/luizimbroisifilho/code/vscode-extensions/create-component/src/models/model.function_type_arrow_definition.ts","statementMap":{"0":{"start":{"line":1,"column":0},"end":{"line":2,"column":36}}},"fnMap":{},"branchMap":{},"s":{"0":2},"f":{},"b":{}}
,"/Users/luizimbroisifilho/code/vscode-extensions/create-component/src/models/model.function_type_arrow_export.ts": {"path":"/Users/luizimbroisifilho/code/vscode-extensions/create-component/src/models/model.function_type_arrow_export.ts","statementMap":{"0":{"start":{"line":1,"column":0},"end":{"line":4,"column":38}}},"fnMap":{},"branchMap":{},"s":{"0":2},"f":{},"b":{}}
,"/Users/luizimbroisifilho/code/vscode-extensions/create-component/src/models/model.function_type_function.ts": {"path":"/Users/luizimbroisifilho/code/vscode-extensions/create-component/src/models/model.function_type_function.ts","statementMap":{"0":{"start":{"line":1,"column":0},"end":{"line":2,"column":48}}},"fnMap":{},"branchMap":{},"s":{"0":2},"f":{},"b":{}}
,"/Users/luizimbroisifilho/code/vscode-extensions/create-component/src/models/model.interface.ts": {"path":"/Users/luizimbroisifilho/code/vscode-extensions/create-component/src/models/model.interface.ts","statementMap":{"0":{"start":{"line":1,"column":0},"end":{"line":6,"column":2}}},"fnMap":{},"branchMap":{},"s":{"0":2},"f":{},"b":{}}
,"/Users/luizimbroisifilho/code/vscode-extensions/create-component/src/utils/replaceTags.ts": {"path":"/Users/luizimbroisifilho/code/vscode-extensions/create-component/src/utils/replaceTags.ts","statementMap":{"0":{"start":{"line":1,"column":0},"end":{"line":1,"column":55}},"1":{"start":{"line":2,"column":0},"end":{"line":2,"column":89}},"2":{"start":{"line":3,"column":0},"end":{"line":3,"column":81}},"3":{"start":{"line":4,"column":0},"end":{"line":4,"column":67}},"4":{"start":{"line":12,"column":27},"end":{"line":42,"column":1}},"5":{"start":{"line":17,"column":6},"end":{"line":17,"column":15}},"6":{"start":{"line":19,"column":2},"end":{"line":21,"column":3}},"7":{"start":{"line":20,"column":4},"end":{"line":20,"column":36}},"8":{"start":{"line":23,"column":25},"end":{"line":23,"column":86}},"9":{"start":{"line":24,"column":23},"end":{"line":24,"column":64}},"10":{"start":{"line":25,"column":24},"end":{"line":25,"column":62}},"11":{"start":{"line":26,"column":26},"end":{"line":26,"column":71}},"12":{"start":{"line":28,"column":23},"end":{"line":28,"column":84}},"13":{"start":{"line":29,"column":29},"end":{"line":29,"column":75}},"14":{"start":{"line":30,"column":22},"end":{"line":30,"column":56}},"15":{"start":{"line":31,"column":16},"end":{"line":31,"column":57}},"16":{"start":{"line":33,"column":2},"end":{"line":41,"column":49}},"17":{"start":{"line":12,"column":13},"end":{"line":12,"column":27}}},"fnMap":{"0":{"name":"(anonymous_0)","decl":{"start":{"line":12,"column":27},"end":{"line":12,"column":28}},"loc":{"start":{"line":12,"column":54},"end":{"line":42,"column":1}}}},"branchMap":{"0":{"loc":{"start":{"line":19,"column":2},"end":{"line":21,"column":3}},"type":"if","locations":[{"start":{"line":19,"column":2},"end":{"line":21,"column":3}}]},"1":{"loc":{"start":{"line":23,"column":25},"end":{"line":23,"column":86}},"type":"cond-expr","locations":[{"start":{"line":23,"column":76},"end":{"line":23,"column":79}},{"start":{"line":23,"column":82},"end":{"line":23,"column":86}}]},"2":{"loc":{"start":{"line":28,"column":23},"end":{"line":28,"column":84}},"type":"cond-expr","locations":[{"start":{"line":28,"column":41},"end":{"line":28,"column":68}},{"start":{"line":28,"column":71},"end":{"line":28,"column":84}}]},"3":{"loc":{"start":{"line":29,"column":29},"end":{"line":29,"column":75}},"type":"cond-expr","locations":[{"start":{"line":29,"column":47},"end":{"line":29,"column":70}},{"start":{"line":29,"column":73},"end":{"line":29,"column":75}}]},"4":{"loc":{"start":{"line":30,"column":22},"end":{"line":30,"column":56}},"type":"cond-expr","locations":[{"start":{"line":30,"column":37},"end":{"line":30,"column":51}},{"start":{"line":30,"column":54},"end":{"line":30,"column":56}}]},"5":{"loc":{"start":{"line":31,"column":16},"end":{"line":31,"column":57}},"type":"cond-expr","locations":[{"start":{"line":31,"column":31},"end":{"line":31,"column":52}},{"start":{"line":31,"column":55},"end":{"line":31,"column":57}}]},"6":{"loc":{"start":{"line":40,"column":31},"end":{"line":40,"column":55}},"type":"cond-expr","locations":[{"start":{"line":40,"column":47},"end":{"line":40,"column":50}},{"start":{"line":40,"column":53},"end":{"line":40,"column":55}}]}},"s":{"0":2,"1":2,"2":2,"3":2,"4":2,"5":11,"6":11,"7":0,"8":11,"9":11,"10":11,"11":11,"12":11,"13":11,"14":11,"15":11,"16":11,"17":2},"f":{"0":11},"b":{"0":[0],"1":[5,6],"2":[5,6],"3":[5,6],"4":[7,4],"5":[7,4],"6":[9,2]}}
,"/Users/luizimbroisifilho/code/vscode-extensions/create-component/src/utils/validateComponentName.ts": {"path":"/Users/luizimbroisifilho/code/vscode-extensions/create-component/src/utils/validateComponentName.ts","statementMap":{"0":{"start":{"line":1,"column":37},"end":{"line":4,"column":1}},"1":{"start":{"line":2,"column":29},"end":{"line":2,"column":53}},"2":{"start":{"line":3,"column":2},"end":{"line":3,"column":48}},"3":{"start":{"line":1,"column":13},"end":{"line":1,"column":37}}},"fnMap":{"0":{"name":"(anonymous_0)","decl":{"start":{"line":1,"column":37},"end":{"line":1,"column":38}},"loc":{"start":{"line":1,"column":63},"end":{"line":4,"column":1}}}},"branchMap":{},"s":{"0":1,"1":7,"2":7,"3":1},"f":{"0":7},"b":{}}
}
