{"/Users/luizimbroisifilho/code/vscode-extensions/create-component/src/models/model.function_type_arrow_definition.ts": {"path":"/Users/luizimbroisifilho/code/vscode-extensions/create-component/src/models/model.function_type_arrow_definition.ts","statementMap":{"0":{"start":{"line":1,"column":0},"end":{"line":2,"column":36}}},"fnMap":{},"branchMap":{},"s":{"0":1},"f":{},"b":{}}
,"/Users/luizimbroisifilho/code/vscode-extensions/create-component/src/models/model.function_type_arrow_export.ts": {"path":"/Users/luizimbroisifilho/code/vscode-extensions/create-component/src/models/model.function_type_arrow_export.ts","statementMap":{"0":{"start":{"line":1,"column":0},"end":{"line":4,"column":38}}},"fnMap":{},"branchMap":{},"s":{"0":1},"f":{},"b":{}}
,"/Users/luizimbroisifilho/code/vscode-extensions/create-component/src/models/model.function_type_function.ts": {"path":"/Users/luizimbroisifilho/code/vscode-extensions/create-component/src/models/model.function_type_function.ts","statementMap":{"0":{"start":{"line":1,"column":0},"end":{"line":2,"column":48}}},"fnMap":{},"branchMap":{},"s":{"0":1},"f":{},"b":{}}
,"/Users/luizimbroisifilho/code/vscode-extensions/create-component/src/models/model.interface.ts": {"path":"/Users/luizimbroisifilho/code/vscode-extensions/create-component/src/models/model.interface.ts","statementMap":{"0":{"start":{"line":1,"column":0},"end":{"line":6,"column":2}}},"fnMap":{},"branchMap":{},"s":{"0":1},"f":{},"b":{}}
,"/Users/luizimbroisifilho/code/vscode-extensions/create-component/src/utils/replaceTags.ts": {"path":"/Users/luizimbroisifilho/code/vscode-extensions/create-component/src/utils/replaceTags.ts","statementMap":{"0":{"start":{"line":1,"column":0},"end":{"line":1,"column":55}},"1":{"start":{"line":2,"column":0},"end":{"line":2,"column":89}},"2":{"start":{"line":3,"column":0},"end":{"line":3,"column":81}},"3":{"start":{"line":4,"column":0},"end":{"line":4,"column":67}},"4":{"start":{"line":12,"column":27},"end":{"line":38,"column":1}},"5":{"start":{"line":17,"column":6},"end":{"line":17,"column":15}},"6":{"start":{"line":19,"column":25},"end":{"line":19,"column":86}},"7":{"start":{"line":20,"column":23},"end":{"line":20,"column":64}},"8":{"start":{"line":21,"column":24},"end":{"line":21,"column":62}},"9":{"start":{"line":22,"column":26},"end":{"line":22,"column":71}},"10":{"start":{"line":24,"column":23},"end":{"line":24,"column":84}},"11":{"start":{"line":25,"column":29},"end":{"line":25,"column":75}},"12":{"start":{"line":26,"column":22},"end":{"line":26,"column":56}},"13":{"start":{"line":27,"column":16},"end":{"line":27,"column":57}},"14":{"start":{"line":29,"column":2},"end":{"line":37,"column":49}},"15":{"start":{"line":12,"column":13},"end":{"line":12,"column":27}}},"fnMap":{"0":{"name":"(anonymous_0)","decl":{"start":{"line":12,"column":27},"end":{"line":12,"column":28}},"loc":{"start":{"line":12,"column":54},"end":{"line":38,"column":1}}}},"branchMap":{"0":{"loc":{"start":{"line":19,"column":25},"end":{"line":19,"column":86}},"type":"cond-expr","locations":[{"start":{"line":19,"column":76},"end":{"line":19,"column":79}},{"start":{"line":19,"column":82},"end":{"line":19,"column":86}}]},"1":{"loc":{"start":{"line":24,"column":23},"end":{"line":24,"column":84}},"type":"cond-expr","locations":[{"start":{"line":24,"column":41},"end":{"line":24,"column":68}},{"start":{"line":24,"column":71},"end":{"line":24,"column":84}}]},"2":{"loc":{"start":{"line":25,"column":29},"end":{"line":25,"column":75}},"type":"cond-expr","locations":[{"start":{"line":25,"column":47},"end":{"line":25,"column":70}},{"start":{"line":25,"column":73},"end":{"line":25,"column":75}}]},"3":{"loc":{"start":{"line":26,"column":22},"end":{"line":26,"column":56}},"type":"cond-expr","locations":[{"start":{"line":26,"column":37},"end":{"line":26,"column":51}},{"start":{"line":26,"column":54},"end":{"line":26,"column":56}}]},"4":{"loc":{"start":{"line":27,"column":16},"end":{"line":27,"column":57}},"type":"cond-expr","locations":[{"start":{"line":27,"column":31},"end":{"line":27,"column":52}},{"start":{"line":27,"column":55},"end":{"line":27,"column":57}}]},"5":{"loc":{"start":{"line":36,"column":31},"end":{"line":36,"column":55}},"type":"cond-expr","locations":[{"start":{"line":36,"column":47},"end":{"line":36,"column":50}},{"start":{"line":36,"column":53},"end":{"line":36,"column":55}}]}},"s":{"0":1,"1":1,"2":1,"3":1,"4":1,"5":5,"6":5,"7":5,"8":5,"9":5,"10":5,"11":5,"12":5,"13":5,"14":5,"15":1},"f":{"0":5},"b":{"0":[1,4],"1":[4,1],"2":[4,1],"3":[4,1],"4":[4,1],"5":[4,1]}}
,"/Users/luizimbroisifilho/code/vscode-extensions/create-component/src/utils/validateComponentName.ts": {"path":"/Users/luizimbroisifilho/code/vscode-extensions/create-component/src/utils/validateComponentName.ts","statementMap":{"0":{"start":{"line":1,"column":37},"end":{"line":4,"column":1}},"1":{"start":{"line":2,"column":29},"end":{"line":2,"column":53}},"2":{"start":{"line":3,"column":2},"end":{"line":3,"column":48}},"3":{"start":{"line":1,"column":13},"end":{"line":1,"column":37}}},"fnMap":{"0":{"name":"(anonymous_0)","decl":{"start":{"line":1,"column":37},"end":{"line":1,"column":38}},"loc":{"start":{"line":1,"column":63},"end":{"line":4,"column":1}}}},"branchMap":{},"s":{"0":1,"1":7,"2":7,"3":1},"f":{"0":7},"b":{}}
}
