TN:
SF:src/components/createComponentFile.ts
FN:9,(anonymous_0)
FNF:1
FNH:1
FNDA:5,(anonymous_0)
DA:2,1
DA:3,1
DA:5,1
DA:6,1
DA:7,1
DA:9,1
DA:14,5
DA:20,5
DA:25,5
DA:26,5
DA:28,5
DA:30,5
LF:12
LH:12
BRDA:14,0,0,5
BRDA:14,0,1,3
BRDA:25,1,0,3
BRDA:25,1,1,2
BRF:4
BRH:4
end_of_record
TN:
SF:src/models/model.component_css.ts
FNF:0
FNH:0
DA:1,1
LF:1
LH:1
BRF:0
BRH:0
end_of_record
TN:
SF:src/models/model.component_styledComponents.ts
FNF:0
FNH:0
DA:1,1
LF:1
LH:1
BRF:0
BRH:0
end_of_record
TN:
SF:src/models/model.component_tailwind.ts
FNF:0
FNH:0
DA:1,1
LF:1
LH:1
BRF:0
BRH:0
end_of_record
TN:
SF:src/models/model.function_type_arrow_definition.ts
FNF:0
FNH:0
DA:1,2
LF:1
LH:1
BRF:0
BRH:0
end_of_record
TN:
SF:src/models/model.function_type_arrow_export.ts
FNF:0
FNH:0
DA:1,2
LF:1
LH:1
BRF:0
BRH:0
end_of_record
TN:
SF:src/models/model.function_type_function.ts
FNF:0
FNH:0
DA:1,2
LF:1
LH:1
BRF:0
BRH:0
end_of_record
TN:
SF:src/models/model.interface.ts
FNF:0
FNH:0
DA:1,2
LF:1
LH:1
BRF:0
BRH:0
end_of_record
TN:
SF:src/utils/replaceTags.ts
FN:12,(anonymous_0)
FNF:1
FNH:1
FNDA:10,(anonymous_0)
DA:1,2
DA:2,2
DA:3,2
DA:4,2
DA:12,2
DA:17,10
DA:19,10
DA:20,10
DA:21,10
DA:22,10
DA:24,10
DA:25,10
DA:26,10
DA:27,10
DA:29,10
LF:15
LH:15
BRDA:19,0,0,5
BRDA:19,0,1,5
BRDA:24,1,0,4
BRDA:24,1,1,6
BRDA:25,2,0,4
BRDA:25,2,1,6
BRDA:26,3,0,7
BRDA:26,3,1,3
BRDA:27,4,0,7
BRDA:27,4,1,3
BRDA:36,5,0,8
BRDA:36,5,1,2
BRF:12
BRH:12
end_of_record
TN:
SF:src/utils/validateComponentName.ts
FN:1,(anonymous_0)
FNF:1
FNH:1
FNDA:7,(anonymous_0)
DA:1,1
DA:2,7
DA:3,7
LF:3
LH:3
BRF:0
BRH:0
end_of_record
