TN:
SF:src/components/createComponentFile.ts
FN:11,(anonymous_0)
FNF:1
FNH:1
FNDA:6,(anonymous_0)
DA:2,1
DA:3,1
DA:5,1
DA:6,1
DA:7,1
DA:8,1
DA:9,1
DA:11,1
DA:16,6
DA:24,6
DA:29,6
DA:30,6
DA:32,6
DA:34,6
LF:14
LH:14
BRDA:29,0,0,3
BRDA:29,0,1,3
BRF:2
BRH:2
end_of_record
TN:
SF:src/models/model.component_css.ts
FNF:0
FNH:0
DA:1,1
LF:1
LH:1
BRF:0
BRH:0
end_of_record
TN:
SF:src/models/model.component_sass.ts
FNF:0
FNH:0
DA:1,1
LF:1
LH:1
BRF:0
BRH:0
end_of_record
TN:
SF:src/models/model.component_scss.ts
FNF:0
FNH:0
DA:1,1
LF:1
LH:1
BRF:0
BRH:0
end_of_record
TN:
SF:src/models/model.component_styledComponents.ts
FNF:0
FNH:0
DA:1,1
LF:1
LH:1
BRF:0
BRH:0
end_of_record
TN:
SF:src/models/model.component_tailwind.ts
FNF:0
FNH:0
DA:1,1
LF:1
LH:1
BRF:0
BRH:0
end_of_record
TN:
SF:src/models/model.function_type_arrow_definition.ts
FNF:0
FNH:0
DA:1,2
LF:1
LH:1
BRF:0
BRH:0
end_of_record
TN:
SF:src/models/model.function_type_arrow_export.ts
FNF:0
FNH:0
DA:1,2
LF:1
LH:1
BRF:0
BRH:0
end_of_record
TN:
SF:src/models/model.function_type_function.ts
FNF:0
FNH:0
DA:1,2
LF:1
LH:1
BRF:0
BRH:0
end_of_record
TN:
SF:src/models/model.interface.ts
FNF:0
FNH:0
DA:1,2
LF:1
LH:1
BRF:0
BRH:0
end_of_record
TN:
SF:src/utils/replaceTags.ts
FN:12,(anonymous_0)
FNF:1
FNH:1
FNDA:11,(anonymous_0)
DA:1,2
DA:2,2
DA:3,2
DA:4,2
DA:12,2
DA:17,11
DA:19,11
DA:20,0
DA:23,11
DA:24,11
DA:25,11
DA:26,11
DA:28,11
DA:29,11
DA:30,11
DA:31,11
DA:33,11
LF:17
LH:16
BRDA:19,0,0,0
BRDA:23,1,0,5
BRDA:23,1,1,6
BRDA:28,2,0,5
BRDA:28,2,1,6
BRDA:29,3,0,5
BRDA:29,3,1,6
BRDA:30,4,0,7
BRDA:30,4,1,4
BRDA:31,5,0,7
BRDA:31,5,1,4
BRDA:40,6,0,9
BRDA:40,6,1,2
BRF:13
BRH:12
end_of_record
TN:
SF:src/utils/validateComponentName.ts
FN:1,(anonymous_0)
FNF:1
FNH:1
FNDA:7,(anonymous_0)
DA:1,1
DA:2,7
DA:3,7
LF:3
LH:3
BRF:0
BRH:0
end_of_record
